Determining if the pthread_create exist failed with the following output:
Change Dir: /home/jozef/Documents/QT/3DScan/CMakeFiles/CMakeTmp

Run Build Command:"/usr/bin/make" "cmTC_2d56c/fast"
/usr/bin/make -f CMakeFiles/cmTC_2d56c.dir/build.make CMakeFiles/cmTC_2d56c.dir/build
make[1]: Entering directory '/home/jozef/Documents/QT/3DScan/CMakeFiles/CMakeTmp'
Building C object CMakeFiles/cmTC_2d56c.dir/CheckSymbolExists.c.o
/usr/bin/gcc     -o CMakeFiles/cmTC_2d56c.dir/CheckSymbolExists.c.o   -c /home/jozef/Documents/QT/3DScan/CMakeFiles/CMakeTmp/CheckSymbolExists.c
Linking C executable cmTC_2d56c
/usr/bin/cmake -E cmake_link_script CMakeFiles/cmTC_2d56c.dir/link.txt --verbose=1
/usr/bin/gcc       CMakeFiles/cmTC_2d56c.dir/CheckSymbolExists.c.o  -o cmTC_2d56c -rdynamic 
CMakeFiles/cmTC_2d56c.dir/CheckSymbolExists.c.o: In function `main':
CheckSymbolExists.c:(.text+0x16): undefined reference to `pthread_create'
collect2: error: ld returned 1 exit status
CMakeFiles/cmTC_2d56c.dir/build.make:97: recipe for target 'cmTC_2d56c' failed
make[1]: *** [cmTC_2d56c] Error 1
make[1]: Leaving directory '/home/jozef/Documents/QT/3DScan/CMakeFiles/CMakeTmp'
Makefile:126: recipe for target 'cmTC_2d56c/fast' failed
make: *** [cmTC_2d56c/fast] Error 2

File /home/jozef/Documents/QT/3DScan/CMakeFiles/CMakeTmp/CheckSymbolExists.c:
/* */
#include <pthread.h>

int main(int argc, char** argv)
{
  (void)argv;
#ifndef pthread_create
  return ((int*)(&pthread_create))[argc];
#else
  (void)argc;
  return 0;
#endif
}

Determining if the function pthread_create exists in the pthreads failed with the following output:
Change Dir: /home/jozef/Documents/QT/3DScan/CMakeFiles/CMakeTmp

Run Build Command:"/usr/bin/make" "cmTC_af3da/fast"
/usr/bin/make -f CMakeFiles/cmTC_af3da.dir/build.make CMakeFiles/cmTC_af3da.dir/build
make[1]: Entering directory '/home/jozef/Documents/QT/3DScan/CMakeFiles/CMakeTmp'
Building C object CMakeFiles/cmTC_af3da.dir/CheckFunctionExists.c.o
/usr/bin/gcc    -DCHECK_FUNCTION_EXISTS=pthread_create   -o CMakeFiles/cmTC_af3da.dir/CheckFunctionExists.c.o   -c /usr/share/cmake-3.5/Modules/CheckFunctionExists.c
Linking C executable cmTC_af3da
/usr/bin/cmake -E cmake_link_script CMakeFiles/cmTC_af3da.dir/link.txt --verbose=1
/usr/bin/gcc   -DCHECK_FUNCTION_EXISTS=pthread_create    CMakeFiles/cmTC_af3da.dir/CheckFunctionExists.c.o  -o cmTC_af3da -rdynamic -lpthreads 
/usr/bin/ld: cannot find -lpthreads
collect2: error: ld returned 1 exit status
CMakeFiles/cmTC_af3da.dir/build.make:97: recipe for target 'cmTC_af3da' failed
make[1]: *** [cmTC_af3da] Error 1
make[1]: Leaving directory '/home/jozef/Documents/QT/3DScan/CMakeFiles/CMakeTmp'
Makefile:126: recipe for target 'cmTC_af3da/fast' failed
make: *** [cmTC_af3da/fast] Error 2


